{"/home/yisroel/packages/installist-all/installist/src/index.ts": {"path":"/home/yisroel/packages/installist-all/installist/src/index.ts","statementMap":{"0":{"start":{"line":5,"column":0},"end":{"line":5,"column":8}},"1":{"start":{"line":5,"column":8},"end":{"line":5,"column":16}},"2":{"start":{"line":5,"column":16},"end":{"line":5,"column":54}}},"fnMap":{"0":{"name":"(anonymous_0)","decl":{"start":{"line":5,"column":8},"end":{"line":5,"column":15}},"loc":{"start":{"line":5,"column":8},"end":{"line":5,"column":16}}},"1":{"name":"(anonymous_1)","decl":{"start":{"line":5,"column":16},"end":{"line":5,"column":26}},"loc":{"start":{"line":5,"column":16},"end":{"line":5,"column":54}}}},"branchMap":{},"s":{"0":1,"1":2,"2":3},"f":{"0":1,"1":2},"b":{}}
,"/home/yisroel/packages/installist-all/installist/src/custom/installist.ts": {"path":"/home/yisroel/packages/installist-all/installist/src/custom/installist.ts","statementMap":{"0":{"start":{"line":1,"column":14},"end":{"line":1,"column":30}},"1":{"start":{"line":2,"column":14},"end":{"line":2,"column":30}},"2":{"start":{"line":3,"column":14},"end":{"line":3,"column":30}},"3":{"start":{"line":5,"column":0},"end":{"line":5,"column":null}},"4":{"start":{"line":6,"column":2},"end":{"line":6,"column":null}},"5":{"start":{"line":7,"column":2},"end":{"line":7,"column":null}},"6":{"start":{"line":10,"column":26},"end":{"line":13,"column":null}},"7":{"start":{"line":16,"column":20},"end":{"line":29,"column":4}},"8":{"start":{"line":17,"column":4},"end":{"line":28,"column":null}},"9":{"start":{"line":20,"column":8},"end":{"line":26,"column":null}},"10":{"start":{"line":22,"column":10},"end":{"line":25,"column":null}},"11":{"start":{"line":31,"column":2},"end":{"line":31,"column":null}},"12":{"start":{"line":15,"column":0},"end":{"line":15,"column":16}}},"fnMap":{"0":{"name":"(anonymous_0)","decl":{"start":{"line":5,"column":0},"end":{"line":5,"column":12}},"loc":{"start":{"line":5,"column":19},"end":{"line":8,"column":1}}},"1":{"name":"installist","decl":{"start":{"line":15,"column":16},"end":{"line":15,"column":26}},"loc":{"start":{"line":15,"column":76},"end":{"line":32,"column":1}}},"2":{"name":"(anonymous_2)","decl":{"start":{"line":16,"column":33},"end":{"line":16,"column":34}},"loc":{"start":{"line":16,"column":50},"end":{"line":29,"column":3}}},"3":{"name":"(anonymous_3)","decl":{"start":{"line":19,"column":12},"end":{"line":19,"column":17}},"loc":{"start":{"line":19,"column":23},"end":{"line":27,"column":7}}},"4":{"name":"(anonymous_4)","decl":{"start":{"line":21,"column":80},"end":{"line":21,"column":81}},"loc":{"start":{"line":21,"column":95},"end":{"line":26,"column":9}}}},"branchMap":{"0":{"loc":{"start":{"line":5,"column":12},"end":{"line":5,"column":19}},"type":"binary-expr","locations":[{"start":{"line":5,"column":12},"end":{"line":5,"column":19}},{"start":{"line":5,"column":12},"end":{"line":5,"column":null}}]}},"s":{"0":2,"1":2,"2":2,"3":2,"4":2,"5":2,"6":2,"7":3,"8":4,"9":3,"10":1,"11":3,"12":2},"f":{"0":2,"1":3,"2":4,"3":3,"4":1},"b":{"0":[2,2]}}
}
